<?xml version="1.0" encoding="UTF-8"?>
<!-- Generated by org.testng.reporters.JUnitReportReporter -->
<testsuite hostname="DESKTOP-SRVP3EQ" failures="0" tests="3" name="Test_Package.Test_Cases" time="69.694" errors="0" timestamp="2024-03-13T18:49:22 IST" skipped="0">
  <testcase classname="Test_Package.Test_Cases" name="Test3" time="21.859"/>
  <testcase classname="Test_Package.Test_Cases" name="Test2" time="24.651"/>
  <testcase classname="Test_Package.Test_Cases" name="Test1" time="23.184"/>
</testsuite> <!-- Test_Package.Test_Cases -->
