<?xml version="1.0" encoding="UTF-8"?>
<!-- Generated by org.testng.reporters.JUnitReportReporter -->
<testsuite hostname="DESKTOP-SRVP3EQ" failures="0" tests="3" name="Test_Package.Test_Cases" time="66.801" errors="0" timestamp="2024-03-13T18:51:46 IST" skipped="0">
  <testcase classname="Test_Package.Test_Cases" name="Test3" time="23.809"/>
  <testcase classname="Test_Package.Test_Cases" name="Test2" time="19.897"/>
  <testcase classname="Test_Package.Test_Cases" name="Test1" time="23.095"/>
</testsuite> <!-- Test_Package.Test_Cases -->
